This file contains any messages produced by compilers while
running configure, to aid debugging if configure makes a mistake.

It was created by libsgx_pbc  0.1, which was
generated by GNU Autoconf 2.69.  Invocation command line was

  $ ./configure prefix=/home/cold/intel/sgxsdk

## --------- ##
## Platform. ##
## --------- ##

hostname = ubuntu
uname -m = x86_64
uname -r = 5.4.0-100-generic
uname -s = Linux
uname -v = #113~18.04.1-Ubuntu SMP Mon Feb 7 15:02:59 UTC 2022

/usr/bin/uname -p = unknown
/bin/uname -X     = unknown

/bin/arch              = unknown
/usr/bin/arch -k       = unknown
/usr/convex/getsysinfo = unknown
/usr/bin/hostinfo      = unknown
/bin/machine           = unknown
/usr/bin/oslevel       = unknown
/bin/universe          = unknown

PATH: /usr/local/sbin
PATH: /usr/local/bin
PATH: /usr/sbin
PATH: /usr/bin
PATH: /sbin
PATH: /bin
PATH: /usr/games
PATH: /usr/local/games
PATH: /snap/bin
PATH: /home/cold/intel/sgxsdk/bin
PATH: /home/cold/intel/sgxsdk/bin/x64


## ----------- ##
## Core tests. ##
## ----------- ##

:2054: checking for a BSD-compatible install
:2122: result: /usr/bin/install -c
:2133: checking whether build environment is sane
:2188: result: yes
:2339: checking for a thread-safe mkdir -p
:2378: result: /bin/mkdir -p
:2385: checking for gawk
:2415: result: no
:2385: checking for mawk
:2401: found /usr/bin/mawk
:2412: result: mawk
:2423: checking whether make sets $(MAKE)
:2445: result: yes
:2474: checking whether make supports nested variables
:2491: result: yes
:2666: checking for gcc
:2682: found /usr/bin/gcc
:2693: result: gcc
:2922: checking for C compiler version
:2931: gcc --version >&5
gcc (Ubuntu 7.5.0-3ubuntu1~18.04) 7.5.0
Copyright (C) 2017 Free Software Foundation, Inc.
This is free software; see the source for copying conditions.  There is NO
warranty; not even for MERCHANTABILITY or FITNESS FOR A PARTICULAR PURPOSE.

:2942: $? = 0
:2931: gcc -v >&5
Using built-in specs.
COLLECT_GCC=gcc
COLLECT_LTO_WRAPPER=/usr/lib/gcc/x86_64-linux-gnu/7/lto-wrapper
OFFLOAD_TARGET_NAMES=nvptx-none
OFFLOAD_TARGET_DEFAULT=1
Target: x86_64-linux-gnu
Configured with: ../src/configure -v --with-pkgversion='Ubuntu 7.5.0-3ubuntu1~18.04' --with-bugurl=file:///usr/share/doc/gcc-7/README.Bugs --enable-languages=c,ada,c++,go,brig,d,fortran,objc,obj-c++ --prefix=/usr --with-gcc-major-version-only --program-suffix=-7 --program-prefix=x86_64-linux-gnu- --enable-shared --enable-linker-build-id --libexecdir=/usr/lib --without-included-gettext --enable-threads=posix --libdir=/usr/lib --enable-nls --enable-bootstrap --enable-clocale=gnu --enable-libstdcxx-debug --enable-libstdcxx-time=yes --with-default-libstdcxx-abi=new --enable-gnu-unique-object --disable-vtable-verify --enable-libmpx --enable-plugin --enable-default-pie --with-system-zlib --with-target-system-zlib --enable-objc-gc=auto --enable-multiarch --disable-werror --with-arch-32=i686 --with-abi=m64 --with-multilib-list=m32,m64,mx32 --enable-multilib --with-tune=generic --enable-offload-targets=nvptx-none --without-cuda-driver --enable-checking=release --build=x86_64-linux-gnu --host=x86_64-linux-gnu --target=x86_64-linux-gnu
Thread model: posix
gcc version 7.5.0 (Ubuntu 7.5.0-3ubuntu1~18.04) 
:2942: $? = 0
:2931: gcc -V >&5
gcc: error: unrecognized command line option '-V'
gcc: fatal error: no input files
compilation terminated.
:2942: $? = 1
:2931: gcc -qversion >&5
gcc: error: unrecognized command line option '-qversion'; did you mean '--version'?
gcc: fatal error: no input files
compilation terminated.
:2942: $? = 1
:2962: checking whether the C compiler works
:2984: gcc    conftest.c  >&5
:2988: $? = 0
:3036: result: yes
:3039: checking for C compiler default output file name
:3041: result: a.out
:3047: checking for suffix of executables
:3054: gcc -o conftest    conftest.c  >&5
:3058: $? = 0
:3080: result: 
:3102: checking whether we are cross compiling
:3110: gcc -o conftest    conftest.c  >&5
:3114: $? = 0
:3121: ./conftest
:3125: $? = 0
:3140: result: no
:3145: checking for suffix of object files
:3167: gcc -c   conftest.c >&5
:3171: $? = 0
:3192: result: o
:3196: checking whether we are using the GNU C compiler
:3215: gcc -c   conftest.c >&5
:3215: $? = 0
:3224: result: yes
:3233: checking whether gcc accepts -g
:3253: gcc -c -g  conftest.c >&5
:3253: $? = 0
:3294: result: yes
:3311: checking for gcc option to accept ISO C89
:3374: gcc  -c -g -O2  conftest.c >&5
:3374: $? = 0
:3387: result: none needed
:3412: checking whether gcc understands -c and -o together
:3434: gcc -c conftest.c -o conftest2.o
:3437: $? = 0
:3434: gcc -c conftest.c -o conftest2.o
:3437: $? = 0
:3449: result: yes
:3477: checking for style of include used by make
:3505: result: GNU
:3531: checking dependency style of gcc
:3642: result: gcc3
:3702: checking for ranlib
:3718: found /usr/bin/ranlib
:3729: result: ranlib
:4091: found Intel SGX SDK in /home/cold/intel/sgxsdk
:4329: checking for stdlib.h
:4329: gcc -c -nostdinc -fvisibility=hidden -fpie -fstack-protector  -ffunction-sections -fdata-sections   -nostdinc -nostdinc++ -I/home/cold/intel/sgxsdk/include -I/home/cold/intel/sgxsdk/include/tlibc    conftest.c >&5
cc1: warning: command line option '-nostdinc++' is valid for C++/ObjC++ but not for C
:4329: $? = 0
:4329: result: yes
:4329: checking for string.h
:4329: gcc -c -nostdinc -fvisibility=hidden -fpie -fstack-protector  -ffunction-sections -fdata-sections   -nostdinc -nostdinc++ -I/home/cold/intel/sgxsdk/include -I/home/cold/intel/sgxsdk/include/tlibc    conftest.c >&5
cc1: warning: command line option '-nostdinc++' is valid for C++/ObjC++ but not for C
:4329: $? = 0
:4329: result: yes
:4329: checking for sys/time.h
:4329: gcc -c -nostdinc -fvisibility=hidden -fpie -fstack-protector  -ffunction-sections -fdata-sections   -nostdinc -nostdinc++ -I/home/cold/intel/sgxsdk/include -I/home/cold/intel/sgxsdk/include/tlibc    conftest.c >&5
cc1: warning: command line option '-nostdinc++' is valid for C++/ObjC++ but not for C
conftest.c:17:10: fatal error: sys/time.h: No such file or directory
 #include <sys/time.h>
          ^~~~~~~~~~~~
compilation terminated.
:4329: $? = 1
: failed program was:
| /* confdefs.h */
| #define PACKAGE_NAME "libsgx_pbc"
| #define PACKAGE_TARNAME "libsgx_pbc"
| #define PACKAGE_VERSION "0.1"
| #define PACKAGE_STRING "libsgx_pbc 0.1"
| #define PACKAGE_BUGREPORT "cyx.xjtu@gmail.com"
| #define PACKAGE_URL ""
| #define PACKAGE "libsgx_pbc"
| #define VERSION "0.1"
| #define SGX_WITH_SGXSDK 1
| #define DEBUG 1
| #define HAVE_STDLIB_H 1
| #define HAVE_STRING_H 1
| /* end confdefs.h.  */
| 
| 
| #include <sys/time.h>
:4329: result: no
:4384: checking for floor
:4384: gcc -o conftest -nostdinc -fvisibility=hidden -fpie -fstack-protector  -ffunction-sections -fdata-sections   -I/home/cold/intel/sgxsdk/include -I/home/cold/intel/sgxsdk/include/tlibc    -nostdlib -nodefaultlibs -nostartfiles -L/home/cold/intel/sgxsdk/lib64  -fno-builtin -Wl,--defsym,__ImageBase=0 -Wl,--defsym,_start=0 -Wl,--defsym,g_ecall_table=0 -Wl,--defsym,g_dyn_entry_table=0  conftest.c -Wl,--no-undefined -Wl,--start-group -lsgx_tstdc -lsgx_trts -lsgx_tcrypto -Wl,--end-group >&5
:4384: $? = 0
:4384: result: yes
:4384: checking for gettimeofday
:4384: gcc -o conftest -nostdinc -fvisibility=hidden -fpie -fstack-protector  -ffunction-sections -fdata-sections   -I/home/cold/intel/sgxsdk/include -I/home/cold/intel/sgxsdk/include/tlibc    -nostdlib -nodefaultlibs -nostartfiles -L/home/cold/intel/sgxsdk/lib64  -fno-builtin -Wl,--defsym,__ImageBase=0 -Wl,--defsym,_start=0 -Wl,--defsym,g_ecall_table=0 -Wl,--defsym,g_dyn_entry_table=0  conftest.c -Wl,--no-undefined -Wl,--start-group -lsgx_tstdc -lsgx_trts -lsgx_tcrypto -Wl,--end-group >&5
/tmp/ccPnm5Fy.o: In function `main':
conftest.c:(.text.main+0xa): undefined reference to `gettimeofday'
collect2: error: ld returned 1 exit status
:4384: $? = 1
: failed program was:
| /* confdefs.h */
| #define PACKAGE_NAME "libsgx_pbc"
| #define PACKAGE_TARNAME "libsgx_pbc"
| #define PACKAGE_VERSION "0.1"
| #define PACKAGE_STRING "libsgx_pbc 0.1"
| #define PACKAGE_BUGREPORT "cyx.xjtu@gmail.com"
| #define PACKAGE_URL ""
| #define PACKAGE "libsgx_pbc"
| #define VERSION "0.1"
| #define SGX_WITH_SGXSDK 1
| #define DEBUG 1
| #define HAVE_STDLIB_H 1
| #define HAVE_STRING_H 1
| #define HAVE_FLOOR 1
| /* end confdefs.h.  */
| /* Define gettimeofday to an innocuous variant, in case <limits.h> declares gettimeofday.
|    For example, HP-UX 11i <limits.h> declares gettimeofday.  */
| #define gettimeofday innocuous_gettimeofday
| 
| /* System header to define __stub macros and hopefully few prototypes,
|     which can conflict with char gettimeofday (); below.
|     Prefer <limits.h> to <assert.h> if __STDC__ is defined, since
|     <limits.h> exists even on freestanding compilers.  */
| 
| #ifdef __STDC__
| # include <limits.h>
| #else
| # include <assert.h>
| #endif
| 
| #undef gettimeofday
| 
| /* Override any GCC internal prototype to avoid an error.
|    Use char because int might match the return type of a GCC
|    builtin and then its argument prototype would still apply.  */
| #ifdef __cplusplus
| extern "C"
| #endif
| char gettimeofday ();
| /* The GNU C library defines this for functions which it implements
|     to always fail with ENOSYS.  Some functions are actually named
|     something starting with __ and the normal name is an alias.  */
| #if defined __stub_gettimeofday || defined __stub___gettimeofday
| choke me
| #endif
| 
| int
| main ()
| {
| return gettimeofday ();
|   ;
|   return 0;
| }
:4384: result: no
:4384: checking for memmove
:4384: gcc -o conftest -nostdinc -fvisibility=hidden -fpie -fstack-protector  -ffunction-sections -fdata-sections   -I/home/cold/intel/sgxsdk/include -I/home/cold/intel/sgxsdk/include/tlibc    -nostdlib -nodefaultlibs -nostartfiles -L/home/cold/intel/sgxsdk/lib64  -fno-builtin -Wl,--defsym,__ImageBase=0 -Wl,--defsym,_start=0 -Wl,--defsym,g_ecall_table=0 -Wl,--defsym,g_dyn_entry_table=0  conftest.c -Wl,--no-undefined -Wl,--start-group -lsgx_tstdc -lsgx_trts -lsgx_tcrypto -Wl,--end-group >&5
:4384: $? = 0
:4384: result: yes
:4384: checking for memset
:4384: gcc -o conftest -nostdinc -fvisibility=hidden -fpie -fstack-protector  -ffunction-sections -fdata-sections   -I/home/cold/intel/sgxsdk/include -I/home/cold/intel/sgxsdk/include/tlibc    -nostdlib -nodefaultlibs -nostartfiles -L/home/cold/intel/sgxsdk/lib64  -fno-builtin -Wl,--defsym,__ImageBase=0 -Wl,--defsym,_start=0 -Wl,--defsym,g_ecall_table=0 -Wl,--defsym,g_dyn_entry_table=0  conftest.c -Wl,--no-undefined -Wl,--start-group -lsgx_tstdc -lsgx_trts -lsgx_tcrypto -Wl,--end-group >&5
:4384: $? = 0
:4384: result: yes
:4384: checking for pow
:4384: gcc -o conftest -nostdinc -fvisibility=hidden -fpie -fstack-protector  -ffunction-sections -fdata-sections   -I/home/cold/intel/sgxsdk/include -I/home/cold/intel/sgxsdk/include/tlibc    -nostdlib -nodefaultlibs -nostartfiles -L/home/cold/intel/sgxsdk/lib64  -fno-builtin -Wl,--defsym,__ImageBase=0 -Wl,--defsym,_start=0 -Wl,--defsym,g_ecall_table=0 -Wl,--defsym,g_dyn_entry_table=0  conftest.c -Wl,--no-undefined -Wl,--start-group -lsgx_tstdc -lsgx_trts -lsgx_tcrypto -Wl,--end-group >&5
:4384: $? = 0
:4384: result: yes
:4384: checking for sqrt
:4384: gcc -o conftest -nostdinc -fvisibility=hidden -fpie -fstack-protector  -ffunction-sections -fdata-sections   -I/home/cold/intel/sgxsdk/include -I/home/cold/intel/sgxsdk/include/tlibc    -nostdlib -nodefaultlibs -nostartfiles -L/home/cold/intel/sgxsdk/lib64  -fno-builtin -Wl,--defsym,__ImageBase=0 -Wl,--defsym,_start=0 -Wl,--defsym,g_ecall_table=0 -Wl,--defsym,g_dyn_entry_table=0  conftest.c -Wl,--no-undefined -Wl,--start-group -lsgx_tstdc -lsgx_trts -lsgx_tcrypto -Wl,--end-group >&5
:4384: $? = 0
:4384: result: yes
:4384: checking for strchr
:4384: gcc -o conftest -nostdinc -fvisibility=hidden -fpie -fstack-protector  -ffunction-sections -fdata-sections   -I/home/cold/intel/sgxsdk/include -I/home/cold/intel/sgxsdk/include/tlibc    -nostdlib -nodefaultlibs -nostartfiles -L/home/cold/intel/sgxsdk/lib64  -fno-builtin -Wl,--defsym,__ImageBase=0 -Wl,--defsym,_start=0 -Wl,--defsym,g_ecall_table=0 -Wl,--defsym,g_dyn_entry_table=0  conftest.c -Wl,--no-undefined -Wl,--start-group -lsgx_tstdc -lsgx_trts -lsgx_tcrypto -Wl,--end-group >&5
:4384: $? = 0
:4384: result: yes
:4384: checking for strdup
:4384: gcc -o conftest -nostdinc -fvisibility=hidden -fpie -fstack-protector  -ffunction-sections -fdata-sections   -I/home/cold/intel/sgxsdk/include -I/home/cold/intel/sgxsdk/include/tlibc    -nostdlib -nodefaultlibs -nostartfiles -L/home/cold/intel/sgxsdk/lib64  -fno-builtin -Wl,--defsym,__ImageBase=0 -Wl,--defsym,_start=0 -Wl,--defsym,g_ecall_table=0 -Wl,--defsym,g_dyn_entry_table=0  conftest.c -Wl,--no-undefined -Wl,--start-group -lsgx_tstdc -lsgx_trts -lsgx_tcrypto -Wl,--end-group >&5
/tmp/cckZEA4O.o: In function `main':
conftest.c:(.text.main+0xa): undefined reference to `strdup'
collect2: error: ld returned 1 exit status
:4384: $? = 1
: failed program was:
| /* confdefs.h */
| #define PACKAGE_NAME "libsgx_pbc"
| #define PACKAGE_TARNAME "libsgx_pbc"
| #define PACKAGE_VERSION "0.1"
| #define PACKAGE_STRING "libsgx_pbc 0.1"
| #define PACKAGE_BUGREPORT "cyx.xjtu@gmail.com"
| #define PACKAGE_URL ""
| #define PACKAGE "libsgx_pbc"
| #define VERSION "0.1"
| #define SGX_WITH_SGXSDK 1
| #define DEBUG 1
| #define HAVE_STDLIB_H 1
| #define HAVE_STRING_H 1
| #define HAVE_FLOOR 1
| #define HAVE_MEMMOVE 1
| #define HAVE_MEMSET 1
| #define HAVE_POW 1
| #define HAVE_SQRT 1
| #define HAVE_STRCHR 1
| /* end confdefs.h.  */
| /* Define strdup to an innocuous variant, in case <limits.h> declares strdup.
|    For example, HP-UX 11i <limits.h> declares gettimeofday.  */
| #define strdup innocuous_strdup
| 
| /* System header to define __stub macros and hopefully few prototypes,
|     which can conflict with char strdup (); below.
|     Prefer <limits.h> to <assert.h> if __STDC__ is defined, since
|     <limits.h> exists even on freestanding compilers.  */
| 
| #ifdef __STDC__
| # include <limits.h>
| #else
| # include <assert.h>
| #endif
| 
| #undef strdup
| 
| /* Override any GCC internal prototype to avoid an error.
|    Use char because int might match the return type of a GCC
|    builtin and then its argument prototype would still apply.  */
| #ifdef __cplusplus
| extern "C"
| #endif
| char strdup ();
| /* The GNU C library defines this for functions which it implements
|     to always fail with ENOSYS.  Some functions are actually named
|     something starting with __ and the normal name is an alias.  */
| #if defined __stub_strdup || defined __stub___strdup
| choke me
| #endif
| 
| int
| main ()
| {
| return strdup ();
|   ;
|   return 0;
| }
:4384: result: no
:4523: checking that generated files are newer than configure
:4529: result: done
:4572: creating ./config.status

## ---------------------- ##
## Running config.status. ##
## ---------------------- ##

This file was extended by libsgx_pbc config.status 0.1, which was
generated by GNU Autoconf 2.69.  Invocation command line was

  CONFIG_FILES    = 
  CONFIG_HEADERS  = 
  CONFIG_LINKS    = 
  CONFIG_COMMANDS = 
  $ ./config.status 

on ubuntu

config.status:908: creating Makefile
config.status:908: creating config.h
config.status:1137: executing depfiles commands

## ---------------- ##
## Cache variables. ##
## ---------------- ##

ac_cv_c_compiler_gnu=yes
ac_cv_enable_sgx=yes
ac_cv_env_CC_set=
ac_cv_env_CC_value=
ac_cv_env_CFLAGS_set=
ac_cv_env_CFLAGS_value=
ac_cv_env_CPPFLAGS_set=
ac_cv_env_CPPFLAGS_value=
ac_cv_env_LDFLAGS_set=
ac_cv_env_LDFLAGS_value=
ac_cv_env_LIBS_set=
ac_cv_env_LIBS_value=
ac_cv_env_build_alias_set=
ac_cv_env_build_alias_value=
ac_cv_env_host_alias_set=
ac_cv_env_host_alias_value=
ac_cv_env_target_alias_set=
ac_cv_env_target_alias_value=
ac_cv_func_floor=yes
ac_cv_func_gettimeofday=no
ac_cv_func_memmove=yes
ac_cv_func_memset=yes
ac_cv_func_pow=yes
ac_cv_func_sqrt=yes
ac_cv_func_strchr=yes
ac_cv_func_strdup=no
ac_cv_header_stdlib_h=yes
ac_cv_header_string_h=yes
ac_cv_header_sys_time_h=no
ac_cv_objext=o
ac_cv_path_install='/usr/bin/install -c'
ac_cv_path_mkdir=/bin/mkdir
ac_cv_prog_AWK=mawk
ac_cv_prog_ac_ct_CC=gcc
ac_cv_prog_ac_ct_RANLIB=ranlib
ac_cv_prog_cc_c89=
ac_cv_prog_cc_g=yes
ac_cv_prog_make_make_set=yes
ac_cv_sgx_enclave_cflags='-nostdinc -fvisibility=hidden -fpie -fstack-protector  -ffunction-sections -fdata-sections '
ac_cv_sgx_enclave_cppflags='-I/home/cold/intel/sgxsdk/include -I/home/cold/intel/sgxsdk/include/tlibc  '
ac_cv_sgx_enclave_cxxflags='-nostdinc++ -nostdinc -fvisibility=hidden -fpie -fstack-protector  -ffunction-sections -fdata-sections  '
ac_cv_sgx_enclave_ldadd='-Wl,--no-undefined -Wl,--whole-archive -lsgx_trts -Wl,--no-whole-archive -Wl,--start-group -lsgx_tstdc -lsgx_tcrypto -lsgx_tservice_lib -Wl,--end-group -Wl,-Bstatic -Wl,-Bsymbolic -Wl,-pie,-eenclave_entry -Wl,--export-dynamic -Wl,--defsym,__ImageBase=0'
ac_cv_sgx_enclave_ldflags='-nostdlib -nodefaultlibs -nostartfiles -L/home/cold/intel/sgxsdk/lib64 '
ac_cv_sgx_init=yes
ac_cv_sgx_sdk=/home/cold/intel/sgxsdk
ac_cv_sgx_sdk_bindir=/home/cold/intel/sgxsdk/bin/x64
ac_cv_sgx_sdk_incdir=/home/cold/intel/sgxsdk/include
ac_cv_sgx_sdk_libdir=/home/cold/intel/sgxsdk/lib64
ac_cv_sgx_tlib_cflags='-nostdinc -fvisibility=hidden -fpie -fstack-protector '
ac_cv_sgx_tlib_cppflags='-I/home/cold/intel/sgxsdk/include -I/home/cold/intel/sgxsdk/include/tlibc '
ac_cv_sgx_tlib_cxxflags='-nostdinc++ -nostdinc -fvisibility=hidden -fpie -fstack-protector  '
ac_cv_sgx_toolkit=intel-sgxsdk
am_cv_CC_dependencies_compiler_type=gcc3
am_cv_make_support_nested_variables=yes
am_cv_prog_cc_c_o=yes

## ----------------- ##
## Output variables. ##
## ----------------- ##

ACLOCAL='${SHELL} /home/cold/intel/MPAC-MLDP2/tpl/pbc/missing aclocal-1.15'
AMDEPBACKSLASH='\'
AMDEP_FALSE='#'
AMDEP_TRUE=''
AMTAR='$${TAR-tar}'
AM_BACKSLASH='\'
AM_DEFAULT_V='$(AM_DEFAULT_VERBOSITY)'
AM_DEFAULT_VERBOSITY='1'
AM_V='$(V)'
AUTOCONF='${SHELL} /home/cold/intel/MPAC-MLDP2/tpl/pbc/missing autoconf'
AUTOHEADER='${SHELL} /home/cold/intel/MPAC-MLDP2/tpl/pbc/missing autoheader'
AUTOMAKE='${SHELL} /home/cold/intel/MPAC-MLDP2/tpl/pbc/missing automake-1.15'
AWK='mawk'
CC='gcc'
CCDEPMODE='depmode=gcc3'
CFLAGS=' -Wall -W -Wfloat-equal -Wpointer-arith -Wcast-align -Wstrict-prototypes -Wredundant-decls -Wendif-labels -Wshadow -pipe -ffast-math -U__STRICT_ANSI__ -std=gnu99  -nostdinc -fomit-frame-pointer -O3'
CPPFLAGS=''
CYGPATH_W='echo'
DEFS='-DHAVE_CONFIG_H'
DEPDIR='.deps'
ECHO_C=''
ECHO_N='-n'
ECHO_T=''
ENCLAVE_RELEASE_SIGN_FALSE=''
ENCLAVE_RELEASE_SIGN_TRUE='#'
ENCLAVE_SIGN_TARGET='signed_enclave_dev'
EXEEXT=''
INSTALL_DATA='${INSTALL} -m 644'
INSTALL_PROGRAM='${INSTALL}'
INSTALL_SCRIPT='${INSTALL}'
INSTALL_STRIP_PROGRAM='$(install_sh) -c -s'
LDFLAGS=''
LIBOBJS=''
LIBS=''
LIBS_HW_SIMU=''
LTLIBOBJS=''
MAKEINFO='${SHELL} /home/cold/intel/MPAC-MLDP2/tpl/pbc/missing makeinfo'
MKDIR_P='/bin/mkdir -p'
OBJEXT='o'
OE='/opt/openenclave'
OE_APP_CFLAGS=''
OE_APP_CPPFLAGS=''
OE_APP_CXXFLAGS=''
OE_APP_LDADD=''
OE_APP_LDFLAGS=''
OE_BINDIR=''
OE_ENCLAVE_CFLAGS=''
OE_ENCLAVE_CPPFLAGS=''
OE_ENCLAVE_CXXFLAGS=''
OE_ENCLAVE_LDADD=''
OE_ENCLAVE_LDFLAGS=''
OE_INCDIR=''
OE_LIBDIR=''
OE_TLIB_CFLAGS=''
OE_TLIB_CPPFLAGS=''
OE_TLIB_CXXFLAGS=''
PACKAGE='libsgx_pbc'
PACKAGE_BUGREPORT='cyx.xjtu@gmail.com'
PACKAGE_NAME='libsgx_pbc'
PACKAGE_STRING='libsgx_pbc 0.1'
PACKAGE_TARNAME='libsgx_pbc'
PACKAGE_URL=''
PACKAGE_VERSION='0.1'
PATH_SEPARATOR=':'
PBC_WITH_DEBUG='#define __DEBUG__'
RANLIB='ranlib'
SET_MAKE=''
SGXSDK='/home/cold/intel/sgxsdk'
SGXSDK_BINDIR='/home/cold/intel/sgxsdk/bin/x64'
SGXSDK_INCDIR='/home/cold/intel/sgxsdk/include'
SGXSDK_LIBDIR='/home/cold/intel/sgxsdk/lib64'
SGXSSL='/opt/intel/sgxssl'
SGXSSL_INCDIR='/opt/intel/sgxssl/include'
SGXSSL_LIBDIR='/opt/intel/sgxssl/lib64'
SGX_APP_CFLAGS=''
SGX_APP_CPPFLAGS='-I$(SGXSDK_INCDIR)'
SGX_APP_CXXFLAGS=''
SGX_APP_LDADD='-l$(SGX_URTS_LIB) -l$(SGX_UAE_SERVICE_LIB)'
SGX_APP_LDFLAGS='-L$(SGXSDK_LIBDIR)'
SGX_ENABLED_FALSE='#'
SGX_ENABLED_TRUE=''
SGX_ENCLAVE_CFLAGS='-nostdinc -fvisibility=hidden -fpie -fstack-protector  -ffunction-sections -fdata-sections '
SGX_ENCLAVE_CPPFLAGS='-I$(SGXSDK_INCDIR) -I$(SGXSDK_INCDIR)/tlibc '
SGX_ENCLAVE_CXXFLAGS='-nostdinc++ -nostdinc -fvisibility=hidden -fpie -fstack-protector  -ffunction-sections -fdata-sections  '
SGX_ENCLAVE_LDADD='-Wl,--no-undefined -Wl,--whole-archive -l$(SGX_TRTS_LIB) -Wl,--no-whole-archive -Wl,--start-group $(SGX_EXTRA_TLIBS) -lsgx_tstdc -lsgx_tcrypto -l$(SGX_TSERVICE_LIB) -Wl,--end-group -Wl,-Bstatic -Wl,-Bsymbolic -Wl,-pie,-eenclave_entry -Wl,--export-dynamic -Wl,--defsym,__ImageBase=0'
SGX_ENCLAVE_LDFLAGS='-nostdlib -nodefaultlibs -nostartfiles -L$(SGXSDK_LIBDIR) '
SGX_HW_SIM_FALSE=''
SGX_HW_SIM_TRUE='#'
SGX_TLIB_CFLAGS='-nostdinc -fvisibility=hidden -fpie -fstack-protector '
SGX_TLIB_CPPFLAGS='-I$(SGXSDK_INCDIR) -I$(SGXSDK_INCDIR)/tlibc '
SGX_TLIB_CXXFLAGS='-nostdinc++ -nostdinc -fvisibility=hidden -fpie -fstack-protector  '
SGX_TRTS_LIB='sgx_trts'
SGX_TSERVICE_LIB='sgx_tservice'
SGX_UAE_SERVICE_LIB='sgx_uae_service'
SGX_URTS_LIB='sgx_urts'
SGX_WITH_OPENENCLAVE_FALSE=''
SGX_WITH_OPENENCLAVE_TRUE='#'
SGX_WITH_SGXSDK_FALSE='#'
SGX_WITH_SGXSDK_TRUE=''
SHELL='/bin/bash'
STRIP=''
VERSION='0.1'
ac_ct_CC='gcc'
am__EXEEXT_FALSE=''
am__EXEEXT_TRUE='#'
am__fastdepCC_FALSE='#'
am__fastdepCC_TRUE=''
am__include='include'
am__isrc=''
am__leading_dot='.'
am__nodep='_no'
am__quote=''
am__tar='$${TAR-tar} chof - "$$tardir"'
am__untar='$${TAR-tar} xf -'
bindir='${exec_prefix}/bin'
build_alias=''
datadir='${datarootdir}'
datarootdir='${prefix}/share'
docdir='${datarootdir}/doc/${PACKAGE_TARNAME}'
dvidir='${docdir}'
enclave_libdir='${exec_prefix}/libexec'
exec_prefix='${prefix}'
host_alias=''
htmldir='${docdir}'
includedir='${prefix}/include'
infodir='${datarootdir}/info'
install_sh='${SHELL} /home/cold/intel/MPAC-MLDP2/tpl/pbc/install-sh'
libdir='${exec_prefix}/lib'
libexecdir='${exec_prefix}/libexec'
localedir='${datarootdir}/locale'
localstatedir='${prefix}/var'
mandir='${datarootdir}/man'
mkdir_p='$(MKDIR_P)'
oldincludedir='/usr/include'
pdfdir='${docdir}'
prefix='/home/cold/intel/sgxsdk'
program_transform_name='s,x,x,'
psdir='${docdir}'
runstatedir='${localstatedir}/run'
sbindir='${exec_prefix}/sbin'
sharedstatedir='${prefix}/com'
sysconfdir='${prefix}/etc'
target_alias=''

## ----------- ##
## confdefs.h. ##
## ----------- ##

/* confdefs.h */
#define PACKAGE_NAME "libsgx_pbc"
#define PACKAGE_TARNAME "libsgx_pbc"
#define PACKAGE_VERSION "0.1"
#define PACKAGE_STRING "libsgx_pbc 0.1"
#define PACKAGE_BUGREPORT "cyx.xjtu@gmail.com"
#define PACKAGE_URL ""
#define PACKAGE "libsgx_pbc"
#define VERSION "0.1"
#define SGX_WITH_SGXSDK 1
#define DEBUG 1
#define HAVE_STDLIB_H 1
#define HAVE_STRING_H 1
#define HAVE_FLOOR 1
#define HAVE_MEMMOVE 1
#define HAVE_MEMSET 1
#define HAVE_POW 1
#define HAVE_SQRT 1
#define HAVE_STRCHR 1

: exit 0

## ---------------------- ##
## Running config.status. ##
## ---------------------- ##

This file was extended by libsgx_pbc config.status 0.1, which was
generated by GNU Autoconf 2.69.  Invocation command line was

  CONFIG_FILES    = 
  CONFIG_HEADERS  = 
  CONFIG_LINKS    = 
  CONFIG_COMMANDS = 
  $ ./config.status config.h

on ubuntu

config.status:908: creating config.h
config.status:1089: config.h is unchanged
